[1019/120901.832:INFO:CONSOLE(123)] "Event handler of 'x-storagemutated-1' event must be added on the initial evaluation of worker script.", source: https://static.whatsapp.net/rsrc.php/v3/yu/r/7Whvzp7uQg1.js (123)
[1019/120902.006:INFO:CONSOLE(0)] "Error with Permissions-Policy header: Feature xr-spatial-tracking's parameters are ignored.", source:  (0)
[1019/120902.006:INFO:CONSOLE(0)] "Error with Permissions-Policy header: Origin trial controlled feature not enabled: 'attribution-reporting'.", source:  (0)
[1019/120902.006:INFO:CONSOLE(0)] "Error with Permissions-Policy header: Unrecognized feature: 'compute-pressure'.", source:  (0)
[1019/120902.006:INFO:CONSOLE(0)] "Error with Permissions-Policy header: Origin trial controlled feature not enabled: 'interest-cohort'.", source:  (0)
[1019/120902.006:INFO:CONSOLE(0)] "Error with Permissions-Policy header: Unrecognized feature: 'private-state-token-issuance'.", source:  (0)
[1019/120902.006:INFO:CONSOLE(0)] "Error with Permissions-Policy header: Origin trial controlled feature not enabled: 'shared-storage'.", source:  (0)
[1019/120902.006:INFO:CONSOLE(0)] "Error with Permissions-Policy header: Unrecognized feature: 'shared-storage-select-url'.", source:  (0)
[1019/120902.006:INFO:CONSOLE(0)] "Error with Permissions-Policy header: Unrecognized feature: 'private-state-token-redemption'.", source:  (0)
[1019/120902.006:INFO:CONSOLE(0)] "Error with Permissions-Policy header: Unrecognized feature: 'unload'.", source:  (0)
[1019/120902.006:INFO:CONSOLE(0)] "Error with Permissions-Policy header: Unrecognized feature: 'window-management'.", source:  (0)
[1019/120903.731:INFO:CONSOLE(123)] "Event handler of 'x-storagemutated-1' event must be added on the initial evaluation of worker script.", source: https://static.whatsapp.net/rsrc.php/v3/yg/r/KExHX6JzCB4.js (123)
[1019/120904.621:INFO:CONSOLE(344)] "WAWebLoggerWorker initialized", source: https://static.whatsapp.net/rsrc.php/v3/y6/r/ENTLTW0xfpl.js (344)
[1019/120904.621:INFO:CONSOLE(344)] "[storage] start setSchemaVersions from fts worker interface", source: https://static.whatsapp.net/rsrc.php/v3/y6/r/ENTLTW0xfpl.js (344)
[1019/120904.623:INFO:CONSOLE(344)] "[storage] set schema versions: [model-storage,160,fts-storage,8,jobs-storage,1,lru-media-storage-idb,2,offd-storage,4,qpl-storage,0,signal-storage,6,worker-storage,1,sw,2,wawc,14,wawc_db_enc,2]. is worker? true", source: https://static.whatsapp.net/rsrc.php/v3/y6/r/ENTLTW0xfpl.js (344)
[1019/120906.256:INFO:CONSOLE(344)] "FTS:Delegate: start indexer", source: https://static.whatsapp.net/rsrc.php/v3/y6/r/ENTLTW0xfpl.js (344)
[1019/120906.256:INFO:CONSOLE(344)] "FTS:Delegate: start perform init", source: https://static.whatsapp.net/rsrc.php/v3/y6/r/ENTLTW0xfpl.js (344)
[1019/120906.256:INFO:CONSOLE(344)] "FTS:Delegate: schema versions ready", source: https://static.whatsapp.net/rsrc.php/v3/y6/r/ENTLTW0xfpl.js (344)
[1019/120906.257:INFO:CONSOLE(344)] "FTS:Delegate: before db initialization", source: https://static.whatsapp.net/rsrc.php/v3/y6/r/ENTLTW0xfpl.js (344)
[1019/120906.257:INFO:CONSOLE(344)] "[storage] applying schema versions from [0 to 8] for the database: 'fts-storage'", source: https://static.whatsapp.net/rsrc.php/v3/y6/r/ENTLTW0xfpl.js (344)
[1019/120906.282:INFO:CONSOLE(344)] "[storage] applying schema versions from [0 to 160] for the database: 'model-storage'", source: https://static.whatsapp.net/rsrc.php/v3/y6/r/ENTLTW0xfpl.js (344)
[1019/120907.250:INFO:CONSOLE(344)] "FTS:Delegate: after db initialization", source: https://static.whatsapp.net/rsrc.php/v3/y6/r/ENTLTW0xfpl.js (344)
[1019/120907.253:INFO:CONSOLE(344)] "FTS:Manifest Writer: No changes made, current:['3.1', '1'], latest:['3.1', '1']", source: https://static.whatsapp.net/rsrc.php/v3/y6/r/ENTLTW0xfpl.js (344)
[1019/120907.254:INFO:CONSOLE(344)] "FTS:Delegate: Inited", source: https://static.whatsapp.net/rsrc.php/v3/y6/r/ENTLTW0xfpl.js (344)
[1019/120907.254:INFO:CONSOLE(344)] "FTS:Delegate: Init indexing ops", source: https://static.whatsapp.net/rsrc.php/v3/y6/r/ENTLTW0xfpl.js (344)
[1019/120907.272:INFO:CONSOLE(344)] "FTS:Indexer:indexQueuedBatch: Starting new batch size : 1000", source: https://static.whatsapp.net/rsrc.php/v3/y6/r/ENTLTW0xfpl.js (344)
[1019/120907.275:INFO:CONSOLE(344)] "FTS:Indexer:indexQueuedBatch: Completed batch", source: https://static.whatsapp.net/rsrc.php/v3/y6/r/ENTLTW0xfpl.js (344)
[1019/120907.275:INFO:CONSOLE(344)] "FTS:Indexer:indexQueuedBatch: Completed", source: https://static.whatsapp.net/rsrc.php/v3/y6/r/ENTLTW0xfpl.js (344)
[1019/120930.468:INFO:CONSOLE(344)] "FTS:Indexer:indexQueuedBatch: Starting new batch size : 1000", source: https://static.whatsapp.net/rsrc.php/v3/y6/r/ENTLTW0xfpl.js (344)
[1019/120930.487:INFO:CONSOLE(344)] "FTS:Indexer:indexQueuedBatch: Completed batch", source: https://static.whatsapp.net/rsrc.php/v3/y6/r/ENTLTW0xfpl.js (344)
[1019/120930.488:INFO:CONSOLE(344)] "FTS:Indexer:indexQueuedBatch: Completed", source: https://static.whatsapp.net/rsrc.php/v3/y6/r/ENTLTW0xfpl.js (344)
[1019/120942.484:INFO:CONSOLE(344)] "FTS:Indexer:indexQueuedBatch: Starting new batch size : 1000", source: https://static.whatsapp.net/rsrc.php/v3/y6/r/ENTLTW0xfpl.js (344)
[1019/120942.493:INFO:CONSOLE(344)] "FTS:Indexer:indexQueuedBatch: Completed", source: https://static.whatsapp.net/rsrc.php/v3/y6/r/ENTLTW0xfpl.js (344)
[1019/122055.620:INFO:CONSOLE(344)] "FTS:Indexer:indexQueuedBatch: Starting new batch size : 1000", source: https://static.whatsapp.net/rsrc.php/v3/y6/r/ENTLTW0xfpl.js (344)
[1019/122055.630:INFO:CONSOLE(344)] "FTS:Indexer:indexQueuedBatch: Completed batch", source: https://static.whatsapp.net/rsrc.php/v3/y6/r/ENTLTW0xfpl.js (344)
[1019/122055.636:INFO:CONSOLE(344)] "FTS:Indexer:indexQueuedBatch: Completed", source: https://static.whatsapp.net/rsrc.php/v3/y6/r/ENTLTW0xfpl.js (344)
[1019/122106.031:INFO:CONSOLE(123)] "Event handler of 'x-storagemutated-1' event must be added on the initial evaluation of worker script.", source: https://static.whatsapp.net/rsrc.php/v3/yg/r/KExHX6JzCB4.js (123)
[1019/122106.706:INFO:CONSOLE(344)] "FTS:Indexer:indexQueuedBatch: Starting new batch size : 1000", source: https://static.whatsapp.net/rsrc.php/v3/y6/r/ENTLTW0xfpl.js (344)
[1019/122106.714:INFO:CONSOLE(344)] "FTS:Indexer:indexQueuedBatch: Completed", source: https://static.whatsapp.net/rsrc.php/v3/y6/r/ENTLTW0xfpl.js (344)
[1019/122225.974:INFO:CONSOLE(344)] "FTS:Indexer:indexQueuedBatch: Starting new batch size : 1000", source: https://static.whatsapp.net/rsrc.php/v3/y6/r/ENTLTW0xfpl.js (344)
[1019/122225.992:INFO:CONSOLE(344)] "FTS:Indexer:indexQueuedBatch: Completed batch", source: https://static.whatsapp.net/rsrc.php/v3/y6/r/ENTLTW0xfpl.js (344)
[1019/122225.993:INFO:CONSOLE(344)] "FTS:Indexer:indexQueuedBatch: Completed", source: https://static.whatsapp.net/rsrc.php/v3/y6/r/ENTLTW0xfpl.js (344)
[1019/122236.023:INFO:CONSOLE(344)] "FTS:Indexer:indexQueuedBatch: Starting new batch size : 1000", source: https://static.whatsapp.net/rsrc.php/v3/y6/r/ENTLTW0xfpl.js (344)
[1019/122236.033:INFO:CONSOLE(344)] "FTS:Indexer:indexQueuedBatch: Completed batch", source: https://static.whatsapp.net/rsrc.php/v3/y6/r/ENTLTW0xfpl.js (344)
[1019/122236.034:INFO:CONSOLE(344)] "FTS:Indexer:indexQueuedBatch: Completed", source: https://static.whatsapp.net/rsrc.php/v3/y6/r/ENTLTW0xfpl.js (344)
[1019/122242.064:INFO:CONSOLE(344)] "FTS:Indexer:indexQueuedBatch: Starting new batch size : 1000", source: https://static.whatsapp.net/rsrc.php/v3/y6/r/ENTLTW0xfpl.js (344)
[1019/122242.086:INFO:CONSOLE(344)] "FTS:Indexer:indexQueuedBatch: Completed batch", source: https://static.whatsapp.net/rsrc.php/v3/y6/r/ENTLTW0xfpl.js (344)
[1019/122242.093:INFO:CONSOLE(344)] "FTS:Indexer:indexQueuedBatch: Completed", source: https://static.whatsapp.net/rsrc.php/v3/y6/r/ENTLTW0xfpl.js (344)
[1019/122253.488:INFO:CONSOLE(123)] "Event handler of 'x-storagemutated-1' event must be added on the initial evaluation of worker script.", source: https://static.whatsapp.net/rsrc.php/v3/yg/r/KExHX6JzCB4.js (123)
[1019/122253.866:INFO:CONSOLE(344)] "FTS:Indexer:indexQueuedBatch: Starting new batch size : 1000", source: https://static.whatsapp.net/rsrc.php/v3/y6/r/ENTLTW0xfpl.js (344)
[1019/122253.874:INFO:CONSOLE(344)] "FTS:Indexer:indexQueuedBatch: Completed", source: https://static.whatsapp.net/rsrc.php/v3/y6/r/ENTLTW0xfpl.js (344)
[1019/122317.215:INFO:CONSOLE(344)] "FTS:Indexer:indexQueuedBatch: Starting new batch size : 1000", source: https://static.whatsapp.net/rsrc.php/v3/y6/r/ENTLTW0xfpl.js (344)
[1019/122317.221:INFO:CONSOLE(344)] "FTS:Indexer:indexQueuedBatch: Completed batch", source: https://static.whatsapp.net/rsrc.php/v3/y6/r/ENTLTW0xfpl.js (344)
[1019/122317.227:INFO:CONSOLE(344)] "FTS:Indexer:indexQueuedBatch: Completed", source: https://static.whatsapp.net/rsrc.php/v3/y6/r/ENTLTW0xfpl.js (344)
[1019/122318.201:INFO:CONSOLE(344)] "FTS:Indexer:indexQueuedBatch: Starting new batch size : 1000", source: https://static.whatsapp.net/rsrc.php/v3/y6/r/ENTLTW0xfpl.js (344)
[1019/122318.211:INFO:CONSOLE(344)] "FTS:Indexer:indexQueuedBatch: Completed batch", source: https://static.whatsapp.net/rsrc.php/v3/y6/r/ENTLTW0xfpl.js (344)
[1019/122318.217:INFO:CONSOLE(344)] "FTS:Indexer:indexQueuedBatch: Completed", source: https://static.whatsapp.net/rsrc.php/v3/y6/r/ENTLTW0xfpl.js (344)
[1019/122329.196:INFO:CONSOLE(344)] "FTS:Indexer:indexQueuedBatch: Starting new batch size : 1000", source: https://static.whatsapp.net/rsrc.php/v3/y6/r/ENTLTW0xfpl.js (344)
[1019/122329.213:INFO:CONSOLE(344)] "FTS:Indexer:indexQueuedBatch: Completed", source: https://static.whatsapp.net/rsrc.php/v3/y6/r/ENTLTW0xfpl.js (344)
[1019/122338.223:INFO:CONSOLE(344)] "FTS:Indexer:indexQueuedBatch: Starting new batch size : 1000", source: https://static.whatsapp.net/rsrc.php/v3/y6/r/ENTLTW0xfpl.js (344)
[1019/122338.228:INFO:CONSOLE(344)] "FTS:Indexer:indexQueuedBatch: Completed batch", source: https://static.whatsapp.net/rsrc.php/v3/y6/r/ENTLTW0xfpl.js (344)
[1019/122338.232:INFO:CONSOLE(344)] "FTS:Indexer:indexQueuedBatch: Completed", source: https://static.whatsapp.net/rsrc.php/v3/y6/r/ENTLTW0xfpl.js (344)
[1019/122356.379:INFO:CONSOLE(344)] "FTS:Indexer:indexQueuedBatch: Starting new batch size : 1000", source: https://static.whatsapp.net/rsrc.php/v3/y6/r/ENTLTW0xfpl.js (344)
[1019/122356.391:INFO:CONSOLE(344)] "FTS:Indexer:indexQueuedBatch: Completed batch", source: https://static.whatsapp.net/rsrc.php/v3/y6/r/ENTLTW0xfpl.js (344)
[1019/122356.397:INFO:CONSOLE(344)] "FTS:Indexer:indexQueuedBatch: Completed", source: https://static.whatsapp.net/rsrc.php/v3/y6/r/ENTLTW0xfpl.js (344)
[1019/122406.490:INFO:CONSOLE(344)] "FTS:Indexer:indexQueuedBatch: Starting new batch size : 1000", source: https://static.whatsapp.net/rsrc.php/v3/y6/r/ENTLTW0xfpl.js (344)
[1019/122406.504:INFO:CONSOLE(344)] "FTS:Indexer:indexQueuedBatch: Completed", source: https://static.whatsapp.net/rsrc.php/v3/y6/r/ENTLTW0xfpl.js (344)
[1019/122406.589:INFO:CONSOLE(344)] "FTS:Indexer:indexQueuedBatch: Starting new batch size : 1000", source: https://static.whatsapp.net/rsrc.php/v3/y6/r/ENTLTW0xfpl.js (344)
[1019/122406.593:INFO:CONSOLE(344)] "FTS:Indexer:indexQueuedBatch: Completed batch", source: https://static.whatsapp.net/rsrc.php/v3/y6/r/ENTLTW0xfpl.js (344)
[1019/122406.595:INFO:CONSOLE(344)] "FTS:Indexer:indexQueuedBatch: Completed", source: https://static.whatsapp.net/rsrc.php/v3/y6/r/ENTLTW0xfpl.js (344)
[1019/122426.891:INFO:CONSOLE(344)] "FTS:Indexer:indexQueuedBatch: Starting new batch size : 1000", source: https://static.whatsapp.net/rsrc.php/v3/y6/r/ENTLTW0xfpl.js (344)
[1019/122426.904:INFO:CONSOLE(344)] "FTS:Indexer:indexQueuedBatch: Completed batch", source: https://static.whatsapp.net/rsrc.php/v3/y6/r/ENTLTW0xfpl.js (344)
[1019/122426.904:INFO:CONSOLE(344)] "FTS:Indexer:indexQueuedBatch: Completed", source: https://static.whatsapp.net/rsrc.php/v3/y6/r/ENTLTW0xfpl.js (344)
[1019/122516.692:INFO:CONSOLE(344)] "FTS:Indexer:indexQueuedBatch: Starting new batch size : 1000", source: https://static.whatsapp.net/rsrc.php/v3/y6/r/ENTLTW0xfpl.js (344)
[1019/122516.710:INFO:CONSOLE(344)] "FTS:Indexer:indexQueuedBatch: Completed batch", source: https://static.whatsapp.net/rsrc.php/v3/y6/r/ENTLTW0xfpl.js (344)
[1019/122516.710:INFO:CONSOLE(344)] "FTS:Indexer:indexQueuedBatch: Completed", source: https://static.whatsapp.net/rsrc.php/v3/y6/r/ENTLTW0xfpl.js (344)
[1019/122522.729:INFO:CONSOLE(344)] "FTS:Indexer:indexQueuedBatch: Starting new batch size : 1000", source: https://static.whatsapp.net/rsrc.php/v3/y6/r/ENTLTW0xfpl.js (344)
[1019/122522.741:INFO:CONSOLE(344)] "FTS:Indexer:indexQueuedBatch: Completed batch", source: https://static.whatsapp.net/rsrc.php/v3/y6/r/ENTLTW0xfpl.js (344)
[1019/122522.749:INFO:CONSOLE(344)] "FTS:Indexer:indexQueuedBatch: Completed", source: https://static.whatsapp.net/rsrc.php/v3/y6/r/ENTLTW0xfpl.js (344)
[1019/122532.769:INFO:CONSOLE(344)] "FTS:Indexer:indexQueuedBatch: Starting new batch size : 1000", source: https://static.whatsapp.net/rsrc.php/v3/y6/r/ENTLTW0xfpl.js (344)
[1019/122532.781:INFO:CONSOLE(344)] "FTS:Indexer:indexQueuedBatch: Completed batch", source: https://static.whatsapp.net/rsrc.php/v3/y6/r/ENTLTW0xfpl.js (344)
[1019/122532.788:INFO:CONSOLE(344)] "FTS:Indexer:indexQueuedBatch: Completed", source: https://static.whatsapp.net/rsrc.php/v3/y6/r/ENTLTW0xfpl.js (344)
[1019/122540.784:INFO:CONSOLE(344)] "FTS:Indexer:indexQueuedBatch: Starting new batch size : 1000", source: https://static.whatsapp.net/rsrc.php/v3/y6/r/ENTLTW0xfpl.js (344)
[1019/122540.795:INFO:CONSOLE(344)] "FTS:Indexer:indexQueuedBatch: Completed batch", source: https://static.whatsapp.net/rsrc.php/v3/y6/r/ENTLTW0xfpl.js (344)
[1019/122540.801:INFO:CONSOLE(344)] "FTS:Indexer:indexQueuedBatch: Completed", source: https://static.whatsapp.net/rsrc.php/v3/y6/r/ENTLTW0xfpl.js (344)
[1019/122548.801:INFO:CONSOLE(344)] "FTS:Indexer:indexQueuedBatch: Starting new batch size : 1000", source: https://static.whatsapp.net/rsrc.php/v3/y6/r/ENTLTW0xfpl.js (344)
[1019/122548.811:INFO:CONSOLE(344)] "FTS:Indexer:indexQueuedBatch: Completed batch", source: https://static.whatsapp.net/rsrc.php/v3/y6/r/ENTLTW0xfpl.js (344)
[1019/122548.825:INFO:CONSOLE(344)] "FTS:Indexer:indexQueuedBatch: Completed", source: https://static.whatsapp.net/rsrc.php/v3/y6/r/ENTLTW0xfpl.js (344)
[1019/122555.431:INFO:CONSOLE(344)] "FTS:Indexer:indexQueuedBatch: Starting new batch size : 1000", source: https://static.whatsapp.net/rsrc.php/v3/y6/r/ENTLTW0xfpl.js (344)
[1019/122555.443:INFO:CONSOLE(344)] "FTS:Indexer:indexQueuedBatch: Completed batch", source: https://static.whatsapp.net/rsrc.php/v3/y6/r/ENTLTW0xfpl.js (344)
[1019/122555.443:INFO:CONSOLE(344)] "FTS:Indexer:indexQueuedBatch: Completed", source: https://static.whatsapp.net/rsrc.php/v3/y6/r/ENTLTW0xfpl.js (344)
[1019/122558.855:INFO:CONSOLE(344)] "FTS:Indexer:indexQueuedBatch: Starting new batch size : 1000", source: https://static.whatsapp.net/rsrc.php/v3/y6/r/ENTLTW0xfpl.js (344)
[1019/122558.870:INFO:CONSOLE(344)] "FTS:Indexer:indexQueuedBatch: Completed batch", source: https://static.whatsapp.net/rsrc.php/v3/y6/r/ENTLTW0xfpl.js (344)
[1019/122558.870:INFO:CONSOLE(344)] "FTS:Indexer:indexQueuedBatch: Completed", source: https://static.whatsapp.net/rsrc.php/v3/y6/r/ENTLTW0xfpl.js (344)
[1019/122606.875:INFO:CONSOLE(344)] "FTS:Indexer:indexQueuedBatch: Starting new batch size : 1000", source: https://static.whatsapp.net/rsrc.php/v3/y6/r/ENTLTW0xfpl.js (344)
[1019/122607.898:INFO:CONSOLE(344)] "FTS:Indexer:indexQueuedBatch: Completed batch", source: https://static.whatsapp.net/rsrc.php/v3/y6/r/ENTLTW0xfpl.js (344)
[1019/122607.899:INFO:CONSOLE(344)] "FTS:Indexer:indexQueuedBatch: Completed", source: https://static.whatsapp.net/rsrc.php/v3/y6/r/ENTLTW0xfpl.js (344)
[1019/122612.908:INFO:CONSOLE(344)] "FTS:Indexer:indexQueuedBatch: Starting new batch size : 1000", source: https://static.whatsapp.net/rsrc.php/v3/y6/r/ENTLTW0xfpl.js (344)
[1019/122612.923:INFO:CONSOLE(344)] "FTS:Indexer:indexQueuedBatch: Completed batch", source: https://static.whatsapp.net/rsrc.php/v3/y6/r/ENTLTW0xfpl.js (344)
[1019/122612.923:INFO:CONSOLE(344)] "FTS:Indexer:indexQueuedBatch: Completed", source: https://static.whatsapp.net/rsrc.php/v3/y6/r/ENTLTW0xfpl.js (344)
[1019/122623.344:INFO:CONSOLE(123)] "Event handler of 'x-storagemutated-1' event must be added on the initial evaluation of worker script.", source: https://static.whatsapp.net/rsrc.php/v3/yg/r/KExHX6JzCB4.js (123)
[1019/122623.889:INFO:CONSOLE(344)] "FTS:Indexer:indexQueuedBatch: Starting new batch size : 1000", source: https://static.whatsapp.net/rsrc.php/v3/y6/r/ENTLTW0xfpl.js (344)
[1019/122623.905:INFO:CONSOLE(344)] "FTS:Indexer:indexQueuedBatch: Completed", source: https://static.whatsapp.net/rsrc.php/v3/y6/r/ENTLTW0xfpl.js (344)
[1019/122731.222:INFO:CONSOLE(344)] "FTS:Indexer:indexQueuedBatch: Starting new batch size : 1000", source: https://static.whatsapp.net/rsrc.php/v3/y6/r/ENTLTW0xfpl.js (344)
[1019/122731.237:INFO:CONSOLE(344)] "FTS:Indexer:indexQueuedBatch: Completed batch", source: https://static.whatsapp.net/rsrc.php/v3/y6/r/ENTLTW0xfpl.js (344)
[1019/122731.237:INFO:CONSOLE(344)] "FTS:Indexer:indexQueuedBatch: Completed", source: https://static.whatsapp.net/rsrc.php/v3/y6/r/ENTLTW0xfpl.js (344)
[1019/122741.664:INFO:CONSOLE(123)] "Event handler of 'x-storagemutated-1' event must be added on the initial evaluation of worker script.", source: https://static.whatsapp.net/rsrc.php/v3/yg/r/KExHX6JzCB4.js (123)
[1019/122742.569:INFO:CONSOLE(344)] "FTS:Indexer:indexQueuedBatch: Starting new batch size : 1000", source: https://static.whatsapp.net/rsrc.php/v3/y6/r/ENTLTW0xfpl.js (344)
[1019/122742.586:INFO:CONSOLE(344)] "FTS:Indexer:indexQueuedBatch: Completed", source: https://static.whatsapp.net/rsrc.php/v3/y6/r/ENTLTW0xfpl.js (344)
[1019/122803.371:INFO:CONSOLE(344)] "FTS:Indexer:indexQueuedBatch: Starting new batch size : 1000", source: https://static.whatsapp.net/rsrc.php/v3/y6/r/ENTLTW0xfpl.js (344)
[1019/122803.380:INFO:CONSOLE(344)] "FTS:Indexer:indexQueuedBatch: Completed batch", source: https://static.whatsapp.net/rsrc.php/v3/y6/r/ENTLTW0xfpl.js (344)
[1019/122803.385:INFO:CONSOLE(344)] "FTS:Indexer:indexQueuedBatch: Completed", source: https://static.whatsapp.net/rsrc.php/v3/y6/r/ENTLTW0xfpl.js (344)
[1019/122813.801:INFO:CONSOLE(123)] "Event handler of 'x-storagemutated-1' event must be added on the initial evaluation of worker script.", source: https://static.whatsapp.net/rsrc.php/v3/yg/r/KExHX6JzCB4.js (123)
[1019/122814.459:INFO:CONSOLE(344)] "FTS:Indexer:indexQueuedBatch: Starting new batch size : 1000", source: https://static.whatsapp.net/rsrc.php/v3/y6/r/ENTLTW0xfpl.js (344)
[1019/122814.468:INFO:CONSOLE(344)] "FTS:Indexer:indexQueuedBatch: Completed", source: https://static.whatsapp.net/rsrc.php/v3/y6/r/ENTLTW0xfpl.js (344)
[1019/122829.482:INFO:CONSOLE(344)] "FTS:Indexer:indexQueuedBatch: Starting new batch size : 1000", source: https://static.whatsapp.net/rsrc.php/v3/y6/r/ENTLTW0xfpl.js (344)
[1019/122829.492:INFO:CONSOLE(344)] "FTS:Indexer:indexQueuedBatch: Completed batch", source: https://static.whatsapp.net/rsrc.php/v3/y6/r/ENTLTW0xfpl.js (344)
[1019/122829.494:INFO:CONSOLE(344)] "FTS:Indexer:indexQueuedBatch: Completed", source: https://static.whatsapp.net/rsrc.php/v3/y6/r/ENTLTW0xfpl.js (344)
[1019/122840.417:INFO:CONSOLE(344)] "FTS:Indexer:indexQueuedBatch: Starting new batch size : 1000", source: https://static.whatsapp.net/rsrc.php/v3/y6/r/ENTLTW0xfpl.js (344)
[1019/122840.426:INFO:CONSOLE(344)] "FTS:Indexer:indexQueuedBatch: Completed", source: https://static.whatsapp.net/rsrc.php/v3/y6/r/ENTLTW0xfpl.js (344)
[1019/122911.737:INFO:CONSOLE(344)] "FTS:Indexer:indexQueuedBatch: Starting new batch size : 1000", source: https://static.whatsapp.net/rsrc.php/v3/y6/r/ENTLTW0xfpl.js (344)
[1019/122911.748:INFO:CONSOLE(344)] "FTS:Indexer:indexQueuedBatch: Completed batch", source: https://static.whatsapp.net/rsrc.php/v3/y6/r/ENTLTW0xfpl.js (344)
[1019/122911.750:INFO:CONSOLE(344)] "FTS:Indexer:indexQueuedBatch: Completed", source: https://static.whatsapp.net/rsrc.php/v3/y6/r/ENTLTW0xfpl.js (344)
[1019/122921.800:INFO:CONSOLE(344)] "FTS:Indexer:indexQueuedBatch: Starting new batch size : 1000", source: https://static.whatsapp.net/rsrc.php/v3/y6/r/ENTLTW0xfpl.js (344)
[1019/122921.812:INFO:CONSOLE(344)] "FTS:Indexer:indexQueuedBatch: Completed", source: https://static.whatsapp.net/rsrc.php/v3/y6/r/ENTLTW0xfpl.js (344)
[1019/123021.049:INFO:CONSOLE(344)] "FTS:Indexer:indexQueuedBatch: Starting new batch size : 1000", source: https://static.whatsapp.net/rsrc.php/v3/y6/r/ENTLTW0xfpl.js (344)
[1019/123021.056:INFO:CONSOLE(344)] "FTS:Indexer:indexQueuedBatch: Completed batch", source: https://static.whatsapp.net/rsrc.php/v3/y6/r/ENTLTW0xfpl.js (344)
[1019/123021.056:INFO:CONSOLE(344)] "FTS:Indexer:indexQueuedBatch: Completed", source: https://static.whatsapp.net/rsrc.php/v3/y6/r/ENTLTW0xfpl.js (344)
[1019/123108.581:INFO:CONSOLE(344)] "FTS:Indexer:indexQueuedBatch: Starting new batch size : 1000", source: https://static.whatsapp.net/rsrc.php/v3/y6/r/ENTLTW0xfpl.js (344)
[1019/123108.584:INFO:CONSOLE(344)] "FTS:Indexer:indexQueuedBatch: Completed batch", source: https://static.whatsapp.net/rsrc.php/v3/y6/r/ENTLTW0xfpl.js (344)
[1019/123108.586:INFO:CONSOLE(344)] "FTS:Indexer:indexQueuedBatch: Completed", source: https://static.whatsapp.net/rsrc.php/v3/y6/r/ENTLTW0xfpl.js (344)
[1019/124938.502:INFO:CONSOLE(344)] "FTS:Indexer:indexQueuedBatch: Starting new batch size : 1000", source: https://static.whatsapp.net/rsrc.php/v3/y6/r/ENTLTW0xfpl.js (344)
[1019/124938.515:INFO:CONSOLE(344)] "FTS:Indexer:indexQueuedBatch: Completed batch", source: https://static.whatsapp.net/rsrc.php/v3/y6/r/ENTLTW0xfpl.js (344)
[1019/124938.516:INFO:CONSOLE(344)] "FTS:Indexer:indexQueuedBatch: Completed", source: https://static.whatsapp.net/rsrc.php/v3/y6/r/ENTLTW0xfpl.js (344)
[1019/124938.884:INFO:CONSOLE(123)] "Event handler of 'x-storagemutated-1' event must be added on the initial evaluation of worker script.", source: https://static.whatsapp.net/rsrc.php/v3/yg/r/KExHX6JzCB4.js (123)
[1019/131907.458:INFO:CONSOLE(344)] "FTS:Indexer:indexQueuedBatch: Starting new batch size : 1000", source: https://static.whatsapp.net/rsrc.php/v3/y6/r/ENTLTW0xfpl.js (344)
[1019/131907.468:INFO:CONSOLE(344)] "FTS:Indexer:indexQueuedBatch: Completed batch", source: https://static.whatsapp.net/rsrc.php/v3/y6/r/ENTLTW0xfpl.js (344)
[1019/131907.468:INFO:CONSOLE(344)] "FTS:Indexer:indexQueuedBatch: Completed", source: https://static.whatsapp.net/rsrc.php/v3/y6/r/ENTLTW0xfpl.js (344)
[1019/131907.898:INFO:CONSOLE(123)] "Event handler of 'x-storagemutated-1' event must be added on the initial evaluation of worker script.", source: https://static.whatsapp.net/rsrc.php/v3/yg/r/KExHX6JzCB4.js (123)
[1019/132600.736:INFO:CONSOLE(344)] "FTS:Indexer:indexQueuedBatch: Starting new batch size : 1000", source: https://static.whatsapp.net/rsrc.php/v3/y6/r/ENTLTW0xfpl.js (344)
[1019/132600.741:INFO:CONSOLE(344)] "FTS:Indexer:indexQueuedBatch: Completed batch", source: https://static.whatsapp.net/rsrc.php/v3/y6/r/ENTLTW0xfpl.js (344)
[1019/132600.743:INFO:CONSOLE(344)] "FTS:Indexer:indexQueuedBatch: Completed", source: https://static.whatsapp.net/rsrc.php/v3/y6/r/ENTLTW0xfpl.js (344)
[1019/132601.284:INFO:CONSOLE(123)] "Event handler of 'x-storagemutated-1' event must be added on the initial evaluation of worker script.", source: https://static.whatsapp.net/rsrc.php/v3/yg/r/KExHX6JzCB4.js (123)
[1019/132617.722:INFO:CONSOLE(344)] "FTS:Indexer:indexQueuedBatch: Starting new batch size : 1000", source: https://static.whatsapp.net/rsrc.php/v3/y6/r/ENTLTW0xfpl.js (344)
[1019/132617.733:INFO:CONSOLE(344)] "FTS:Indexer:indexQueuedBatch: Completed batch", source: https://static.whatsapp.net/rsrc.php/v3/y6/r/ENTLTW0xfpl.js (344)
[1019/132617.733:INFO:CONSOLE(344)] "FTS:Indexer:indexQueuedBatch: Completed", source: https://static.whatsapp.net/rsrc.php/v3/y6/r/ENTLTW0xfpl.js (344)
[1019/132636.531:INFO:CONSOLE(344)] "FTS:Indexer:indexQueuedBatch: Starting new batch size : 1000", source: https://static.whatsapp.net/rsrc.php/v3/y6/r/ENTLTW0xfpl.js (344)
[1019/132636.535:INFO:CONSOLE(344)] "FTS:Indexer:indexQueuedBatch: Completed batch", source: https://static.whatsapp.net/rsrc.php/v3/y6/r/ENTLTW0xfpl.js (344)
[1019/132636.537:INFO:CONSOLE(344)] "FTS:Indexer:indexQueuedBatch: Completed", source: https://static.whatsapp.net/rsrc.php/v3/y6/r/ENTLTW0xfpl.js (344)
[1019/132636.869:INFO:CONSOLE(123)] "Event handler of 'x-storagemutated-1' event must be added on the initial evaluation of worker script.", source: https://static.whatsapp.net/rsrc.php/v3/yg/r/KExHX6JzCB4.js (123)
[1019/132706.150:INFO:CONSOLE(344)] "FTS:Indexer:indexQueuedBatch: Starting new batch size : 1000", source: https://static.whatsapp.net/rsrc.php/v3/y6/r/ENTLTW0xfpl.js (344)
[1019/132706.161:INFO:CONSOLE(344)] "FTS:Indexer:indexQueuedBatch: Completed batch", source: https://static.whatsapp.net/rsrc.php/v3/y6/r/ENTLTW0xfpl.js (344)
[1019/132706.161:INFO:CONSOLE(344)] "FTS:Indexer:indexQueuedBatch: Completed", source: https://static.whatsapp.net/rsrc.php/v3/y6/r/ENTLTW0xfpl.js (344)
[1019/132801.848:INFO:CONSOLE(344)] "FTS:Indexer:indexQueuedBatch: Starting new batch size : 1000", source: https://static.whatsapp.net/rsrc.php/v3/y6/r/ENTLTW0xfpl.js (344)
[1019/132801.858:INFO:CONSOLE(344)] "FTS:Indexer:indexQueuedBatch: Completed batch", source: https://static.whatsapp.net/rsrc.php/v3/y6/r/ENTLTW0xfpl.js (344)
[1019/132801.858:INFO:CONSOLE(344)] "FTS:Indexer:indexQueuedBatch: Completed", source: https://static.whatsapp.net/rsrc.php/v3/y6/r/ENTLTW0xfpl.js (344)
[1019/132851.395:INFO:CONSOLE(344)] "FTS:Indexer:indexQueuedBatch: Starting new batch size : 1000", source: https://static.whatsapp.net/rsrc.php/v3/y6/r/ENTLTW0xfpl.js (344)
[1019/132851.405:INFO:CONSOLE(344)] "FTS:Indexer:indexQueuedBatch: Completed batch", source: https://static.whatsapp.net/rsrc.php/v3/y6/r/ENTLTW0xfpl.js (344)
[1019/132851.405:INFO:CONSOLE(344)] "FTS:Indexer:indexQueuedBatch: Completed", source: https://static.whatsapp.net/rsrc.php/v3/y6/r/ENTLTW0xfpl.js (344)
[1019/133804.090:INFO:CONSOLE(344)] "FTS:Indexer:indexQueuedBatch: Starting new batch size : 1000", source: https://static.whatsapp.net/rsrc.php/v3/y6/r/ENTLTW0xfpl.js (344)
[1019/133804.101:INFO:CONSOLE(344)] "FTS:Indexer:indexQueuedBatch: Completed batch", source: https://static.whatsapp.net/rsrc.php/v3/y6/r/ENTLTW0xfpl.js (344)
[1019/133804.107:INFO:CONSOLE(344)] "FTS:Indexer:indexQueuedBatch: Completed", source: https://static.whatsapp.net/rsrc.php/v3/y6/r/ENTLTW0xfpl.js (344)
[1019/133814.525:INFO:CONSOLE(123)] "Event handler of 'x-storagemutated-1' event must be added on the initial evaluation of worker script.", source: https://static.whatsapp.net/rsrc.php/v3/yg/r/KExHX6JzCB4.js (123)
[1019/133815.085:INFO:CONSOLE(344)] "FTS:Indexer:indexQueuedBatch: Starting new batch size : 1000", source: https://static.whatsapp.net/rsrc.php/v3/y6/r/ENTLTW0xfpl.js (344)
[1019/133815.092:INFO:CONSOLE(344)] "FTS:Indexer:indexQueuedBatch: Completed", source: https://static.whatsapp.net/rsrc.php/v3/y6/r/ENTLTW0xfpl.js (344)
